1.0.17
    slrsa fix a possible memory leak

1.0.16 
    Add more Base64 functionos. Fix LogManager::getDefaultLog bug, Add MD5 helper method

1.0.15 
    typedef osl::StringA std::string

1.0.14 
    Add Memcached utility class. Change to system memory allocation. Add more md5 utility functions 

1.0.13 
    Trivial changes

1.0.12 
    Change JSONObject::merge, change the error message of DynLib more readable, add FileUtil::writeToFile, change default log name, add version to lib

1.0.11 
    fix a HttpPostWork bug. disable Memory Pool to use the system malloc and free, other trivial refactor change

1.0.10 
    json support remove element and trivial refactor change

1.0.9  
    add leveldb, snappy, and qdb wrapper

1.0.8  
    log support Variable Number of Arguments, fix a base64 bug warning, fix qlibtest warnings

1.0.7  
    base64 support more function


